{"G:\\homework\\node\\nodejs-homework-rest-api\\app.js": {"path":"G:\\homework\\node\\nodejs-homework-rest-api\\app.js","statementMap":{"0":{"start":{"line":1,"column":16},"end":{"line":1,"column":34}},"1":{"start":{"line":2,"column":15},"end":{"line":2,"column":32}},"2":{"start":{"line":3,"column":13},"end":{"line":3,"column":28}},"3":{"start":{"line":4,"column":13},"end":{"line":4,"column":28}},"4":{"start":{"line":6,"column":23},"end":{"line":6,"column":55}},"5":{"start":{"line":7,"column":20},"end":{"line":7,"column":49}},"6":{"start":{"line":8,"column":0},"end":{"line":8,"column":27}},"7":{"start":{"line":10,"column":12},"end":{"line":10,"column":21}},"8":{"start":{"line":12,"column":25},"end":{"line":12,"column":53}},"9":{"start":{"line":13,"column":0},"end":{"line":13,"column":64}},"10":{"start":{"line":15,"column":22},"end":{"line":15,"column":72}},"11":{"start":{"line":17,"column":0},"end":{"line":17,"column":60}},"12":{"start":{"line":18,"column":0},"end":{"line":18,"column":16}},"13":{"start":{"line":19,"column":0},"end":{"line":19,"column":24}},"14":{"start":{"line":21,"column":0},"end":{"line":21,"column":35}},"15":{"start":{"line":22,"column":0},"end":{"line":22,"column":41}},"16":{"start":{"line":24,"column":0},"end":{"line":26,"column":3}},"17":{"start":{"line":25,"column":2},"end":{"line":25,"column":49}},"18":{"start":{"line":28,"column":0},"end":{"line":30,"column":3}},"19":{"start":{"line":29,"column":2},"end":{"line":29,"column":63}},"20":{"start":{"line":32,"column":0},"end":{"line":32,"column":21}}},"fnMap":{"0":{"name":"(anonymous_0)","decl":{"start":{"line":24,"column":8},"end":{"line":24,"column":9}},"loc":{"start":{"line":24,"column":22},"end":{"line":26,"column":1}},"line":24},"1":{"name":"(anonymous_1)","decl":{"start":{"line":28,"column":8},"end":{"line":28,"column":9}},"loc":{"start":{"line":28,"column":33},"end":{"line":30,"column":1}},"line":28}},"branchMap":{"0":{"loc":{"start":{"line":15,"column":22},"end":{"line":15,"column":72}},"type":"cond-expr","locations":[{"start":{"line":15,"column":57},"end":{"line":15,"column":62}},{"start":{"line":15,"column":65},"end":{"line":15,"column":72}}],"line":15},"1":{"loc":{"start":{"line":17,"column":0},"end":{"line":17,"column":59}},"type":"binary-expr","locations":[{"start":{"line":17,"column":0},"end":{"line":17,"column":25}},{"start":{"line":17,"column":29},"end":{"line":17,"column":59}}],"line":17},"2":{"loc":{"start":{"line":29,"column":13},"end":{"line":29,"column":30}},"type":"binary-expr","locations":[{"start":{"line":29,"column":13},"end":{"line":29,"column":23}},{"start":{"line":29,"column":27},"end":{"line":29,"column":30}}],"line":29}},"s":{"0":1,"1":1,"2":1,"3":1,"4":1,"5":1,"6":1,"7":1,"8":1,"9":1,"10":1,"11":1,"12":1,"13":1,"14":1,"15":1,"16":1,"17":0,"18":1,"19":4,"20":1},"f":{"0":0,"1":4},"b":{"0":[0,1],"1":[1,0],"2":[4,0]},"_coverageSchema":"1a1c01bbd47fc00a2c39e90264f33305004495a9","hash":"96f5385385ee6a75c16879d2456ac3839bed3482"}
,"G:\\homework\\node\\nodejs-homework-rest-api\\config\\passport.js": {"path":"G:\\homework\\node\\nodejs-homework-rest-api\\config\\passport.js","statementMap":{"0":{"start":{"line":1,"column":17},"end":{"line":1,"column":36}},"1":{"start":{"line":2,"column":33},"end":{"line":2,"column":56}},"2":{"start":{"line":3,"column":14},"end":{"line":3,"column":39}},"3":{"start":{"line":4,"column":0},"end":{"line":4,"column":27}},"4":{"start":{"line":5,"column":20},"end":{"line":5,"column":42}},"5":{"start":{"line":7,"column":15},"end":{"line":10,"column":1}},"6":{"start":{"line":12,"column":0},"end":{"line":27,"column":2}},"7":{"start":{"line":14,"column":4},"end":{"line":25,"column":5}},"8":{"start":{"line":15,"column":19},"end":{"line":15,"column":51}},"9":{"start":{"line":16,"column":6},"end":{"line":18,"column":7}},"10":{"start":{"line":17,"column":8},"end":{"line":17,"column":49}},"11":{"start":{"line":19,"column":6},"end":{"line":21,"column":7}},"12":{"start":{"line":20,"column":8},"end":{"line":20,"column":33}},"13":{"start":{"line":22,"column":6},"end":{"line":22,"column":30}},"14":{"start":{"line":24,"column":6},"end":{"line":24,"column":16}}},"fnMap":{"0":{"name":"(anonymous_0)","decl":{"start":{"line":13,"column":23},"end":{"line":13,"column":24}},"loc":{"start":{"line":13,"column":48},"end":{"line":26,"column":3}},"line":13}},"branchMap":{"0":{"loc":{"start":{"line":16,"column":6},"end":{"line":18,"column":7}},"type":"if","locations":[{"start":{"line":16,"column":6},"end":{"line":18,"column":7}},{"start":{"line":16,"column":6},"end":{"line":18,"column":7}}],"line":16},"1":{"loc":{"start":{"line":19,"column":6},"end":{"line":21,"column":7}},"type":"if","locations":[{"start":{"line":19,"column":6},"end":{"line":21,"column":7}},{"start":{"line":19,"column":6},"end":{"line":21,"column":7}}],"line":19}},"s":{"0":1,"1":1,"2":1,"3":1,"4":1,"5":1,"6":1,"7":11,"8":11,"9":11,"10":0,"11":11,"12":0,"13":11,"14":0},"f":{"0":11},"b":{"0":[0,11],"1":[0,11]},"_coverageSchema":"1a1c01bbd47fc00a2c39e90264f33305004495a9","hash":"8f6b97cb22bcf68cf31450caa66475735f9baa32"}
,"G:\\homework\\node\\nodejs-homework-rest-api\\controllers\\contacts.js": {"path":"G:\\homework\\node\\nodejs-homework-rest-api\\controllers\\contacts.js","statementMap":{"0":{"start":{"line":1,"column":17},"end":{"line":1,"column":45}},"1":{"start":{"line":2,"column":21},"end":{"line":2,"column":52}},"2":{"start":{"line":4,"column":35},"end":{"line":4,"column":43}},"3":{"start":{"line":6,"column":15},"end":{"line":20,"column":1}},"4":{"start":{"line":7,"column":2},"end":{"line":19,"column":3}},"5":{"start":{"line":8,"column":19},"end":{"line":8,"column":30}},"6":{"start":{"line":9,"column":21},"end":{"line":9,"column":67}},"7":{"start":{"line":10,"column":4},"end":{"line":16,"column":7}},"8":{"start":{"line":18,"column":4},"end":{"line":18,"column":12}},"9":{"start":{"line":22,"column":16},"end":{"line":44,"column":1}},"10":{"start":{"line":23,"column":2},"end":{"line":43,"column":3}},"11":{"start":{"line":24,"column":19},"end":{"line":24,"column":30}},"12":{"start":{"line":25,"column":20},"end":{"line":25,"column":79}},"13":{"start":{"line":26,"column":4},"end":{"line":40,"column":5}},"14":{"start":{"line":27,"column":6},"end":{"line":33,"column":9}},"15":{"start":{"line":35,"column":6},"end":{"line":39,"column":9}},"16":{"start":{"line":42,"column":4},"end":{"line":42,"column":12}},"17":{"start":{"line":46,"column":15},"end":{"line":60,"column":1}},"18":{"start":{"line":47,"column":2},"end":{"line":59,"column":3}},"19":{"start":{"line":48,"column":19},"end":{"line":48,"column":30}},"20":{"start":{"line":49,"column":20},"end":{"line":49,"column":77}},"21":{"start":{"line":50,"column":4},"end":{"line":56,"column":7}},"22":{"start":{"line":58,"column":4},"end":{"line":58,"column":12}},"23":{"start":{"line":62,"column":15},"end":{"line":85,"column":1}},"24":{"start":{"line":63,"column":2},"end":{"line":84,"column":3}},"25":{"start":{"line":64,"column":19},"end":{"line":64,"column":30}},"26":{"start":{"line":65,"column":20},"end":{"line":65,"column":78}},"27":{"start":{"line":66,"column":4},"end":{"line":81,"column":5}},"28":{"start":{"line":67,"column":6},"end":{"line":74,"column":9}},"29":{"start":{"line":76,"column":6},"end":{"line":80,"column":9}},"30":{"start":{"line":83,"column":4},"end":{"line":83,"column":12}},"31":{"start":{"line":87,"column":15},"end":{"line":113,"column":1}},"32":{"start":{"line":88,"column":2},"end":{"line":112,"column":3}},"33":{"start":{"line":89,"column":19},"end":{"line":89,"column":30}},"34":{"start":{"line":90,"column":20},"end":{"line":94,"column":5}},"35":{"start":{"line":95,"column":4},"end":{"line":109,"column":5}},"36":{"start":{"line":96,"column":6},"end":{"line":102,"column":9}},"37":{"start":{"line":104,"column":6},"end":{"line":108,"column":9}},"38":{"start":{"line":111,"column":4},"end":{"line":111,"column":12}},"39":{"start":{"line":115,"column":0},"end":{"line":121,"column":2}}},"fnMap":{"0":{"name":"(anonymous_0)","decl":{"start":{"line":6,"column":15},"end":{"line":6,"column":16}},"loc":{"start":{"line":6,"column":41},"end":{"line":20,"column":1}},"line":6},"1":{"name":"(anonymous_1)","decl":{"start":{"line":22,"column":16},"end":{"line":22,"column":17}},"loc":{"start":{"line":22,"column":42},"end":{"line":44,"column":1}},"line":22},"2":{"name":"(anonymous_2)","decl":{"start":{"line":46,"column":15},"end":{"line":46,"column":16}},"loc":{"start":{"line":46,"column":41},"end":{"line":60,"column":1}},"line":46},"3":{"name":"(anonymous_3)","decl":{"start":{"line":62,"column":15},"end":{"line":62,"column":16}},"loc":{"start":{"line":62,"column":41},"end":{"line":85,"column":1}},"line":62},"4":{"name":"(anonymous_4)","decl":{"start":{"line":87,"column":15},"end":{"line":87,"column":16}},"loc":{"start":{"line":87,"column":41},"end":{"line":113,"column":1}},"line":87}},"branchMap":{"0":{"loc":{"start":{"line":26,"column":4},"end":{"line":40,"column":5}},"type":"if","locations":[{"start":{"line":26,"column":4},"end":{"line":40,"column":5}},{"start":{"line":26,"column":4},"end":{"line":40,"column":5}}],"line":26},"1":{"loc":{"start":{"line":66,"column":4},"end":{"line":81,"column":5}},"type":"if","locations":[{"start":{"line":66,"column":4},"end":{"line":81,"column":5}},{"start":{"line":66,"column":4},"end":{"line":81,"column":5}}],"line":66},"2":{"loc":{"start":{"line":95,"column":4},"end":{"line":109,"column":5}},"type":"if","locations":[{"start":{"line":95,"column":4},"end":{"line":109,"column":5}},{"start":{"line":95,"column":4},"end":{"line":109,"column":5}}],"line":95}},"s":{"0":1,"1":1,"2":1,"3":1,"4":1,"5":1,"6":1,"7":1,"8":0,"9":1,"10":2,"11":2,"12":2,"13":2,"14":1,"15":1,"16":0,"17":1,"18":1,"19":1,"20":1,"21":1,"22":0,"23":1,"24":0,"25":0,"26":0,"27":0,"28":0,"29":0,"30":0,"31":1,"32":3,"33":3,"34":3,"35":3,"36":2,"37":1,"38":0,"39":1},"f":{"0":1,"1":2,"2":1,"3":0,"4":3},"b":{"0":[1,1],"1":[0,0],"2":[2,1]},"_coverageSchema":"1a1c01bbd47fc00a2c39e90264f33305004495a9","hash":"2067d97b0595700f6c8c8ff0bef40974e099af42"}
,"G:\\homework\\node\\nodejs-homework-rest-api\\controllers\\users.js": {"path":"G:\\homework\\node\\nodejs-homework-rest-api\\controllers\\users.js","statementMap":{"0":{"start":{"line":1,"column":12},"end":{"line":1,"column":35}},"1":{"start":{"line":2,"column":14},"end":{"line":2,"column":39}},"2":{"start":{"line":4,"column":0},"end":{"line":4,"column":27}},"3":{"start":{"line":5,"column":13},"end":{"line":5,"column":28}},"4":{"start":{"line":6,"column":22},"end":{"line":6,"column":37}},"5":{"start":{"line":7,"column":19},"end":{"line":7,"column":43}},"6":{"start":{"line":8,"column":11},"end":{"line":8,"column":33}},"7":{"start":{"line":9,"column":13},"end":{"line":9,"column":28}},"8":{"start":{"line":11,"column":28},"end":{"line":11,"column":60}},"9":{"start":{"line":12,"column":21},"end":{"line":12,"column":52}},"10":{"start":{"line":13,"column":60},"end":{"line":13,"column":68}},"11":{"start":{"line":15,"column":20},"end":{"line":15,"column":42}},"12":{"start":{"line":16,"column":0},"end":{"line":20,"column":3}},"13":{"start":{"line":21,"column":20},"end":{"line":21,"column":57}},"14":{"start":{"line":23,"column":12},"end":{"line":50,"column":1}},"15":{"start":{"line":24,"column":2},"end":{"line":49,"column":3}},"16":{"start":{"line":25,"column":22},"end":{"line":25,"column":30}},"17":{"start":{"line":26,"column":17},"end":{"line":26,"column":47}},"18":{"start":{"line":27,"column":4},"end":{"line":34,"column":5}},"19":{"start":{"line":28,"column":6},"end":{"line":33,"column":9}},"20":{"start":{"line":35,"column":20},"end":{"line":35,"column":48}},"21":{"start":{"line":36,"column":4},"end":{"line":46,"column":7}},"22":{"start":{"line":48,"column":4},"end":{"line":48,"column":12}},"23":{"start":{"line":52,"column":14},"end":{"line":84,"column":1}},"24":{"start":{"line":53,"column":2},"end":{"line":83,"column":3}},"25":{"start":{"line":54,"column":32},"end":{"line":54,"column":40}},"26":{"start":{"line":55,"column":17},"end":{"line":55,"column":47}},"27":{"start":{"line":56,"column":28},"end":{"line":56,"column":63}},"28":{"start":{"line":57,"column":4},"end":{"line":64,"column":5}},"29":{"start":{"line":58,"column":6},"end":{"line":63,"column":9}},"30":{"start":{"line":66,"column":15},"end":{"line":66,"column":23}},"31":{"start":{"line":67,"column":20},"end":{"line":67,"column":26}},"32":{"start":{"line":68,"column":18},"end":{"line":68,"column":69}},"33":{"start":{"line":69,"column":4},"end":{"line":69,"column":39}},"34":{"start":{"line":70,"column":4},"end":{"line":80,"column":7}},"35":{"start":{"line":82,"column":4},"end":{"line":82,"column":12}},"36":{"start":{"line":86,"column":15},"end":{"line":90,"column":1}},"37":{"start":{"line":87,"column":17},"end":{"line":87,"column":28}},"38":{"start":{"line":88,"column":2},"end":{"line":88,"column":40}},"39":{"start":{"line":89,"column":2},"end":{"line":89,"column":64}},"40":{"start":{"line":92,"column":20},"end":{"line":110,"column":1}},"41":{"start":{"line":93,"column":17},"end":{"line":93,"column":28}},"42":{"start":{"line":94,"column":2},"end":{"line":109,"column":3}},"43":{"start":{"line":95,"column":17},"end":{"line":95,"column":45}},"44":{"start":{"line":97,"column":4},"end":{"line":106,"column":7}},"45":{"start":{"line":108,"column":4},"end":{"line":108,"column":14}},"46":{"start":{"line":112,"column":18},"end":{"line":130,"column":1}},"47":{"start":{"line":113,"column":17},"end":{"line":113,"column":28}},"48":{"start":{"line":114,"column":2},"end":{"line":129,"column":3}},"49":{"start":{"line":115,"column":4},"end":{"line":115,"column":61}},"50":{"start":{"line":116,"column":17},"end":{"line":116,"column":45}},"51":{"start":{"line":117,"column":4},"end":{"line":126,"column":7}},"52":{"start":{"line":128,"column":4},"end":{"line":128,"column":14}},"53":{"start":{"line":132,"column":16},"end":{"line":155,"column":1}},"54":{"start":{"line":133,"column":2},"end":{"line":154,"column":3}},"55":{"start":{"line":134,"column":15},"end":{"line":134,"column":26}},"56":{"start":{"line":135,"column":22},"end":{"line":135,"column":51}},"57":{"start":{"line":136,"column":4},"end":{"line":136,"column":43}},"58":{"start":{"line":145,"column":4},"end":{"line":151,"column":7}},"59":{"start":{"line":153,"column":4},"end":{"line":153,"column":14}},"60":{"start":{"line":157,"column":27},"end":{"line":179,"column":1}},"61":{"start":{"line":158,"column":13},"end":{"line":158,"column":24}},"62":{"start":{"line":159,"column":27},"end":{"line":159,"column":55}},"63":{"start":{"line":160,"column":19},"end":{"line":160,"column":32}},"64":{"start":{"line":161,"column":24},"end":{"line":161,"column":64}},"65":{"start":{"line":163,"column":14},"end":{"line":163,"column":39}},"66":{"start":{"line":164,"column":2},"end":{"line":167,"column":26}},"67":{"start":{"line":168,"column":2},"end":{"line":168,"column":61}},"68":{"start":{"line":169,"column":2},"end":{"line":169,"column":76}},"69":{"start":{"line":170,"column":20},"end":{"line":170,"column":64}},"70":{"start":{"line":171,"column":2},"end":{"line":177,"column":3}},"71":{"start":{"line":172,"column":4},"end":{"line":174,"column":6}},"72":{"start":{"line":176,"column":4},"end":{"line":176,"column":27}},"73":{"start":{"line":178,"column":2},"end":{"line":178,"column":19}},"74":{"start":{"line":181,"column":26},"end":{"line":196,"column":1}},"75":{"start":{"line":182,"column":19},"end":{"line":182,"column":32}},"76":{"start":{"line":183,"column":18},"end":{"line":186,"column":4}},"77":{"start":{"line":187,"column":2},"end":{"line":189,"column":5}},"78":{"start":{"line":188,"column":4},"end":{"line":188,"column":29}},"79":{"start":{"line":190,"column":2},"end":{"line":194,"column":3}},"80":{"start":{"line":191,"column":4},"end":{"line":191,"column":41}},"81":{"start":{"line":193,"column":4},"end":{"line":193,"column":27}},"82":{"start":{"line":195,"column":2},"end":{"line":195,"column":17}},"83":{"start":{"line":198,"column":0},"end":{"line":198,"column":73}}},"fnMap":{"0":{"name":"(anonymous_0)","decl":{"start":{"line":23,"column":12},"end":{"line":23,"column":13}},"loc":{"start":{"line":23,"column":38},"end":{"line":50,"column":1}},"line":23},"1":{"name":"(anonymous_1)","decl":{"start":{"line":52,"column":14},"end":{"line":52,"column":15}},"loc":{"start":{"line":52,"column":40},"end":{"line":84,"column":1}},"line":52},"2":{"name":"(anonymous_2)","decl":{"start":{"line":86,"column":15},"end":{"line":86,"column":16}},"loc":{"start":{"line":86,"column":41},"end":{"line":90,"column":1}},"line":86},"3":{"name":"(anonymous_3)","decl":{"start":{"line":92,"column":20},"end":{"line":92,"column":21}},"loc":{"start":{"line":92,"column":46},"end":{"line":110,"column":1}},"line":92},"4":{"name":"(anonymous_4)","decl":{"start":{"line":112,"column":18},"end":{"line":112,"column":19}},"loc":{"start":{"line":112,"column":44},"end":{"line":130,"column":1}},"line":112},"5":{"name":"(anonymous_5)","decl":{"start":{"line":132,"column":16},"end":{"line":132,"column":17}},"loc":{"start":{"line":132,"column":42},"end":{"line":155,"column":1}},"line":132},"6":{"name":"(anonymous_6)","decl":{"start":{"line":157,"column":27},"end":{"line":157,"column":28}},"loc":{"start":{"line":157,"column":40},"end":{"line":179,"column":1}},"line":157},"7":{"name":"(anonymous_7)","decl":{"start":{"line":181,"column":26},"end":{"line":181,"column":27}},"loc":{"start":{"line":181,"column":39},"end":{"line":196,"column":1}},"line":181},"8":{"name":"(anonymous_8)","decl":{"start":{"line":187,"column":51},"end":{"line":187,"column":52}},"loc":{"start":{"line":187,"column":68},"end":{"line":189,"column":3}},"line":187}},"branchMap":{"0":{"loc":{"start":{"line":27,"column":4},"end":{"line":34,"column":5}},"type":"if","locations":[{"start":{"line":27,"column":4},"end":{"line":34,"column":5}},{"start":{"line":27,"column":4},"end":{"line":34,"column":5}}],"line":27},"1":{"loc":{"start":{"line":57,"column":4},"end":{"line":64,"column":5}},"type":"if","locations":[{"start":{"line":57,"column":4},"end":{"line":64,"column":5}},{"start":{"line":57,"column":4},"end":{"line":64,"column":5}}],"line":57},"2":{"loc":{"start":{"line":57,"column":8},"end":{"line":57,"column":33}},"type":"binary-expr","locations":[{"start":{"line":57,"column":8},"end":{"line":57,"column":13}},{"start":{"line":57,"column":17},"end":{"line":57,"column":33}}],"line":57}},"s":{"0":1,"1":1,"2":1,"3":1,"4":1,"5":1,"6":1,"7":1,"8":1,"9":1,"10":1,"11":1,"12":1,"13":1,"14":1,"15":0,"16":0,"17":0,"18":0,"19":0,"20":0,"21":0,"22":0,"23":1,"24":0,"25":0,"26":0,"27":0,"28":0,"29":0,"30":0,"31":0,"32":0,"33":0,"34":0,"35":0,"36":1,"37":0,"38":0,"39":0,"40":1,"41":0,"42":0,"43":0,"44":0,"45":0,"46":1,"47":0,"48":0,"49":0,"50":0,"51":0,"52":0,"53":1,"54":0,"55":0,"56":0,"57":0,"58":0,"59":0,"60":1,"61":0,"62":0,"63":0,"64":0,"65":0,"66":0,"67":0,"68":0,"69":0,"70":0,"71":0,"72":0,"73":0,"74":1,"75":0,"76":0,"77":0,"78":0,"79":0,"80":0,"81":0,"82":0,"83":1},"f":{"0":0,"1":0,"2":0,"3":0,"4":0,"5":0,"6":0,"7":0,"8":0},"b":{"0":[0,0],"1":[0,0],"2":[0,0]},"_coverageSchema":"1a1c01bbd47fc00a2c39e90264f33305004495a9","hash":"9a4b805cc17cfa096418f796ad2043b28ce0d504"}
,"G:\\homework\\node\\nodejs-homework-rest-api\\helpers\\constants.js": {"path":"G:\\homework\\node\\nodejs-homework-rest-api\\helpers\\constants.js","statementMap":{"0":{"start":{"line":1,"column":12},"end":{"line":5,"column":1}},"1":{"start":{"line":7,"column":17},"end":{"line":17,"column":1}},"2":{"start":{"line":19,"column":13},"end":{"line":23,"column":1}},"3":{"start":{"line":25,"column":0},"end":{"line":29,"column":2}}},"fnMap":{},"branchMap":{},"s":{"0":1,"1":1,"2":1,"3":1},"f":{},"b":{},"_coverageSchema":"1a1c01bbd47fc00a2c39e90264f33305004495a9","hash":"c471d31e57a7ca049b26a0671437e18383147d83"}
,"G:\\homework\\node\\nodejs-homework-rest-api\\helpers\\create-dir.js": {"path":"G:\\homework\\node\\nodejs-homework-rest-api\\helpers\\create-dir.js","statementMap":{"0":{"start":{"line":1,"column":11},"end":{"line":1,"column":33}},"1":{"start":{"line":3,"column":21},"end":{"line":8,"column":1}},"2":{"start":{"line":4,"column":2},"end":{"line":7,"column":24}},"3":{"start":{"line":6,"column":16},"end":{"line":6,"column":20}},"4":{"start":{"line":7,"column":17},"end":{"line":7,"column":22}},"5":{"start":{"line":10,"column":28},"end":{"line":14,"column":1}},"6":{"start":{"line":11,"column":2},"end":{"line":13,"column":3}},"7":{"start":{"line":12,"column":4},"end":{"line":12,"column":48}},"8":{"start":{"line":16,"column":0},"end":{"line":16,"column":37}}},"fnMap":{"0":{"name":"(anonymous_0)","decl":{"start":{"line":3,"column":21},"end":{"line":3,"column":22}},"loc":{"start":{"line":3,"column":29},"end":{"line":8,"column":1}},"line":3},"1":{"name":"(anonymous_1)","decl":{"start":{"line":6,"column":10},"end":{"line":6,"column":11}},"loc":{"start":{"line":6,"column":16},"end":{"line":6,"column":20}},"line":6},"2":{"name":"(anonymous_2)","decl":{"start":{"line":7,"column":11},"end":{"line":7,"column":12}},"loc":{"start":{"line":7,"column":17},"end":{"line":7,"column":22}},"line":7},"3":{"name":"(anonymous_3)","decl":{"start":{"line":10,"column":28},"end":{"line":10,"column":29}},"loc":{"start":{"line":10,"column":44},"end":{"line":14,"column":1}},"line":10}},"branchMap":{"0":{"loc":{"start":{"line":11,"column":2},"end":{"line":13,"column":3}},"type":"if","locations":[{"start":{"line":11,"column":2},"end":{"line":13,"column":3}},{"start":{"line":11,"column":2},"end":{"line":13,"column":3}}],"line":11}},"s":{"0":1,"1":1,"2":0,"3":0,"4":0,"5":1,"6":0,"7":0,"8":1},"f":{"0":0,"1":0,"2":0,"3":0},"b":{"0":[0,0]},"_coverageSchema":"1a1c01bbd47fc00a2c39e90264f33305004495a9","hash":"286e614189b840ff3e991e33846a8bc531c5a661"}
,"G:\\homework\\node\\nodejs-homework-rest-api\\helpers\\guard.js": {"path":"G:\\homework\\node\\nodejs-homework-rest-api\\helpers\\guard.js","statementMap":{"0":{"start":{"line":1,"column":17},"end":{"line":1,"column":36}},"1":{"start":{"line":2,"column":0},"end":{"line":2,"column":30}},"2":{"start":{"line":3,"column":21},"end":{"line":3,"column":43}},"3":{"start":{"line":5,"column":25},"end":{"line":5,"column":33}},"4":{"start":{"line":7,"column":14},"end":{"line":21,"column":1}},"5":{"start":{"line":8,"column":2},"end":{"line":20,"column":21}},"6":{"start":{"line":9,"column":18},"end":{"line":9,"column":57}},"7":{"start":{"line":10,"column":4},"end":{"line":17,"column":5}},"8":{"start":{"line":11,"column":6},"end":{"line":16,"column":9}},"9":{"start":{"line":18,"column":4},"end":{"line":18,"column":20}},"10":{"start":{"line":19,"column":4},"end":{"line":19,"column":18}},"11":{"start":{"line":23,"column":0},"end":{"line":23,"column":23}}},"fnMap":{"0":{"name":"(anonymous_0)","decl":{"start":{"line":7,"column":14},"end":{"line":7,"column":15}},"loc":{"start":{"line":7,"column":34},"end":{"line":21,"column":1}},"line":7},"1":{"name":"(anonymous_1)","decl":{"start":{"line":8,"column":51},"end":{"line":8,"column":52}},"loc":{"start":{"line":8,"column":66},"end":{"line":20,"column":3}},"line":8}},"branchMap":{"0":{"loc":{"start":{"line":10,"column":4},"end":{"line":17,"column":5}},"type":"if","locations":[{"start":{"line":10,"column":4},"end":{"line":17,"column":5}},{"start":{"line":10,"column":4},"end":{"line":17,"column":5}}],"line":10},"1":{"loc":{"start":{"line":10,"column":8},"end":{"line":10,"column":44}},"type":"binary-expr","locations":[{"start":{"line":10,"column":8},"end":{"line":10,"column":13}},{"start":{"line":10,"column":17},"end":{"line":10,"column":20}},{"start":{"line":10,"column":24},"end":{"line":10,"column":44}}],"line":10}},"s":{"0":1,"1":1,"2":1,"3":1,"4":1,"5":12,"6":12,"7":12,"8":1,"9":11,"10":11,"11":1},"f":{"0":12,"1":12},"b":{"0":[1,11],"1":[12,11,11]},"_coverageSchema":"1a1c01bbd47fc00a2c39e90264f33305004495a9","hash":"b55d2218a8bf6b043658168af9ef1893c17f3151"}
,"G:\\homework\\node\\nodejs-homework-rest-api\\helpers\\upload.js": {"path":"G:\\homework\\node\\nodejs-homework-rest-api\\helpers\\upload.js","statementMap":{"0":{"start":{"line":1,"column":15},"end":{"line":1,"column":32}},"1":{"start":{"line":2,"column":13},"end":{"line":2,"column":28}},"2":{"start":{"line":3,"column":0},"end":{"line":3,"column":27}},"3":{"start":{"line":5,"column":19},"end":{"line":5,"column":67}},"4":{"start":{"line":6,"column":16},"end":{"line":13,"column":2}},"5":{"start":{"line":8,"column":4},"end":{"line":8,"column":25}},"6":{"start":{"line":11,"column":4},"end":{"line":11,"column":32}},"7":{"start":{"line":15,"column":15},"end":{"line":26,"column":2}},"8":{"start":{"line":19,"column":4},"end":{"line":22,"column":5}},"9":{"start":{"line":20,"column":6},"end":{"line":20,"column":21}},"10":{"start":{"line":21,"column":6},"end":{"line":21,"column":13}},"11":{"start":{"line":24,"column":4},"end":{"line":24,"column":20}},"12":{"start":{"line":28,"column":0},"end":{"line":28,"column":24}}},"fnMap":{"0":{"name":"(anonymous_0)","decl":{"start":{"line":7,"column":15},"end":{"line":7,"column":16}},"loc":{"start":{"line":7,"column":40},"end":{"line":9,"column":3}},"line":7},"1":{"name":"(anonymous_1)","decl":{"start":{"line":10,"column":12},"end":{"line":10,"column":13}},"loc":{"start":{"line":10,"column":37},"end":{"line":12,"column":3}},"line":10},"2":{"name":"(anonymous_2)","decl":{"start":{"line":18,"column":14},"end":{"line":18,"column":15}},"loc":{"start":{"line":18,"column":33},"end":{"line":25,"column":3}},"line":18}},"branchMap":{"0":{"loc":{"start":{"line":19,"column":4},"end":{"line":22,"column":5}},"type":"if","locations":[{"start":{"line":19,"column":4},"end":{"line":22,"column":5}},{"start":{"line":19,"column":4},"end":{"line":22,"column":5}}],"line":19}},"s":{"0":1,"1":1,"2":1,"3":1,"4":1,"5":0,"6":0,"7":1,"8":0,"9":0,"10":0,"11":0,"12":1},"f":{"0":0,"1":0,"2":0},"b":{"0":[0,0]},"_coverageSchema":"1a1c01bbd47fc00a2c39e90264f33305004495a9","hash":"26cbf1fc4e18325f7e84faaf198f9b4efcb84f6a"}
,"G:\\homework\\node\\nodejs-homework-rest-api\\routes\\api\\contacts\\index.js": {"path":"G:\\homework\\node\\nodejs-homework-rest-api\\routes\\api\\contacts\\index.js","statementMap":{"0":{"start":{"line":1,"column":16},"end":{"line":1,"column":34}},"1":{"start":{"line":2,"column":15},"end":{"line":2,"column":31}},"2":{"start":{"line":3,"column":27},"end":{"line":3,"column":67}},"3":{"start":{"line":4,"column":17},"end":{"line":4,"column":40}},"4":{"start":{"line":5,"column":14},"end":{"line":5,"column":47}},"5":{"start":{"line":7,"column":0},"end":{"line":7,"column":50}},"6":{"start":{"line":9,"column":0},"end":{"line":9,"column":61}},"7":{"start":{"line":11,"column":0},"end":{"line":11,"column":75}},"8":{"start":{"line":13,"column":0},"end":{"line":18,"column":2}},"9":{"start":{"line":20,"column":0},"end":{"line":20,"column":63}},"10":{"start":{"line":22,"column":0},"end":{"line":22,"column":24}}},"fnMap":{},"branchMap":{},"s":{"0":1,"1":1,"2":1,"3":1,"4":1,"5":1,"6":1,"7":1,"8":1,"9":1,"10":1},"f":{},"b":{},"_coverageSchema":"1a1c01bbd47fc00a2c39e90264f33305004495a9","hash":"8e5e8faf77660521cd4f2e5003faef62c1e72d23"}
,"G:\\homework\\node\\nodejs-homework-rest-api\\routes\\api\\contacts\\validation.js": {"path":"G:\\homework\\node\\nodejs-homework-rest-api\\routes\\api\\contacts\\validation.js","statementMap":{"0":{"start":{"line":1,"column":12},"end":{"line":1,"column":26}},"1":{"start":{"line":3,"column":28},"end":{"line":10,"column":2}},"2":{"start":{"line":12,"column":28},"end":{"line":18,"column":2}},"3":{"start":{"line":20,"column":17},"end":{"line":31,"column":1}},"4":{"start":{"line":21,"column":20},"end":{"line":21,"column":40}},"5":{"start":{"line":22,"column":2},"end":{"line":28,"column":3}},"6":{"start":{"line":23,"column":26},"end":{"line":23,"column":39}},"7":{"start":{"line":24,"column":4},"end":{"line":27,"column":7}},"8":{"start":{"line":30,"column":2},"end":{"line":30,"column":9}},"9":{"start":{"line":33,"column":0},"end":{"line":35,"column":2}},"10":{"start":{"line":34,"column":2},"end":{"line":34,"column":55}},"11":{"start":{"line":37,"column":0},"end":{"line":39,"column":2}},"12":{"start":{"line":38,"column":2},"end":{"line":38,"column":55}}},"fnMap":{"0":{"name":"(anonymous_0)","decl":{"start":{"line":20,"column":17},"end":{"line":20,"column":18}},"loc":{"start":{"line":20,"column":40},"end":{"line":31,"column":1}},"line":20},"1":{"name":"(anonymous_1)","decl":{"start":{"line":33,"column":31},"end":{"line":33,"column":32}},"loc":{"start":{"line":33,"column":51},"end":{"line":35,"column":1}},"line":33},"2":{"name":"(anonymous_2)","decl":{"start":{"line":37,"column":31},"end":{"line":37,"column":32}},"loc":{"start":{"line":37,"column":51},"end":{"line":39,"column":1}},"line":37}},"branchMap":{"0":{"loc":{"start":{"line":22,"column":2},"end":{"line":28,"column":3}},"type":"if","locations":[{"start":{"line":22,"column":2},"end":{"line":28,"column":3}},{"start":{"line":22,"column":2},"end":{"line":28,"column":3}}],"line":22}},"s":{"0":1,"1":1,"2":1,"3":1,"4":8,"5":8,"6":4,"7":4,"8":4,"9":1,"10":4,"11":1,"12":4},"f":{"0":8,"1":4,"2":4},"b":{"0":[4,4]},"_coverageSchema":"1a1c01bbd47fc00a2c39e90264f33305004495a9","hash":"7fdb6c1bd3c84e39f4be43f18628ffaa19e5678f"}
,"G:\\homework\\node\\nodejs-homework-rest-api\\routes\\api\\users\\index.js": {"path":"G:\\homework\\node\\nodejs-homework-rest-api\\routes\\api\\users\\index.js","statementMap":{"0":{"start":{"line":1,"column":16},"end":{"line":1,"column":34}},"1":{"start":{"line":2,"column":15},"end":{"line":2,"column":31}},"2":{"start":{"line":3,"column":23},"end":{"line":3,"column":60}},"3":{"start":{"line":4,"column":14},"end":{"line":4,"column":47}},"4":{"start":{"line":5,"column":17},"end":{"line":5,"column":40}},"5":{"start":{"line":6,"column":15},"end":{"line":6,"column":49}},"6":{"start":{"line":7,"column":33},"end":{"line":7,"column":56}},"7":{"start":{"line":9,"column":0},"end":{"line":9,"column":73}},"8":{"start":{"line":11,"column":0},"end":{"line":11,"column":65}},"9":{"start":{"line":13,"column":0},"end":{"line":13,"column":58}},"10":{"start":{"line":15,"column":0},"end":{"line":15,"column":58}},"11":{"start":{"line":17,"column":0},"end":{"line":17,"column":71}},"12":{"start":{"line":19,"column":0},"end":{"line":23,"column":2}},"13":{"start":{"line":25,"column":0},"end":{"line":25,"column":24}}},"fnMap":{},"branchMap":{},"s":{"0":1,"1":1,"2":1,"3":1,"4":1,"5":1,"6":1,"7":1,"8":1,"9":1,"10":1,"11":1,"12":1,"13":1},"f":{},"b":{},"_coverageSchema":"1a1c01bbd47fc00a2c39e90264f33305004495a9","hash":"367efc5fe796d7ccffa0dcfc52c4a187b4568169"}
,"G:\\homework\\node\\nodejs-homework-rest-api\\routes\\api\\users\\validation.js": {"path":"G:\\homework\\node\\nodejs-homework-rest-api\\routes\\api\\users\\validation.js","statementMap":{"0":{"start":{"line":1,"column":12},"end":{"line":1,"column":26}},"1":{"start":{"line":2,"column":21},"end":{"line":2,"column":58}},"2":{"start":{"line":4,"column":24},"end":{"line":4,"column":32}},"3":{"start":{"line":6,"column":27},"end":{"line":14,"column":2}},"4":{"start":{"line":16,"column":20},"end":{"line":23,"column":2}},"5":{"start":{"line":25,"column":24},"end":{"line":27,"column":2}},"6":{"start":{"line":29,"column":17},"end":{"line":40,"column":1}},"7":{"start":{"line":30,"column":20},"end":{"line":30,"column":40}},"8":{"start":{"line":31,"column":2},"end":{"line":37,"column":3}},"9":{"start":{"line":32,"column":26},"end":{"line":32,"column":39}},"10":{"start":{"line":33,"column":4},"end":{"line":36,"column":7}},"11":{"start":{"line":39,"column":2},"end":{"line":39,"column":9}},"12":{"start":{"line":42,"column":0},"end":{"line":44,"column":2}},"13":{"start":{"line":43,"column":2},"end":{"line":43,"column":54}},"14":{"start":{"line":46,"column":0},"end":{"line":48,"column":2}},"15":{"start":{"line":47,"column":2},"end":{"line":47,"column":47}},"16":{"start":{"line":50,"column":0},"end":{"line":52,"column":2}},"17":{"start":{"line":51,"column":2},"end":{"line":51,"column":51}},"18":{"start":{"line":54,"column":0},"end":{"line":64,"column":2}},"19":{"start":{"line":55,"column":2},"end":{"line":62,"column":3}},"20":{"start":{"line":56,"column":4},"end":{"line":61,"column":7}},"21":{"start":{"line":63,"column":2},"end":{"line":63,"column":9}}},"fnMap":{"0":{"name":"(anonymous_0)","decl":{"start":{"line":29,"column":17},"end":{"line":29,"column":18}},"loc":{"start":{"line":29,"column":40},"end":{"line":40,"column":1}},"line":29},"1":{"name":"(anonymous_1)","decl":{"start":{"line":42,"column":30},"end":{"line":42,"column":31}},"loc":{"start":{"line":42,"column":50},"end":{"line":44,"column":1}},"line":42},"2":{"name":"(anonymous_2)","decl":{"start":{"line":46,"column":23},"end":{"line":46,"column":24}},"loc":{"start":{"line":46,"column":43},"end":{"line":48,"column":1}},"line":46},"3":{"name":"(anonymous_3)","decl":{"start":{"line":50,"column":27},"end":{"line":50,"column":28}},"loc":{"start":{"line":50,"column":48},"end":{"line":52,"column":1}},"line":50},"4":{"name":"(anonymous_4)","decl":{"start":{"line":54,"column":38},"end":{"line":54,"column":39}},"loc":{"start":{"line":54,"column":58},"end":{"line":64,"column":1}},"line":54}},"branchMap":{"0":{"loc":{"start":{"line":31,"column":2},"end":{"line":37,"column":3}},"type":"if","locations":[{"start":{"line":31,"column":2},"end":{"line":37,"column":3}},{"start":{"line":31,"column":2},"end":{"line":37,"column":3}}],"line":31},"1":{"loc":{"start":{"line":55,"column":2},"end":{"line":62,"column":3}},"type":"if","locations":[{"start":{"line":55,"column":2},"end":{"line":62,"column":3}},{"start":{"line":55,"column":2},"end":{"line":62,"column":3}}],"line":55}},"s":{"0":1,"1":1,"2":1,"3":1,"4":1,"5":1,"6":1,"7":0,"8":0,"9":0,"10":0,"11":0,"12":1,"13":0,"14":1,"15":0,"16":1,"17":0,"18":1,"19":0,"20":0,"21":0},"f":{"0":0,"1":0,"2":0,"3":0,"4":0},"b":{"0":[0,0],"1":[0,0]},"_coverageSchema":"1a1c01bbd47fc00a2c39e90264f33305004495a9","hash":"1be4978c89d57c4a59f1a4638b0b6287b6ec55dd"}
}
